<?xml version="1.0" encoding="UTF-8"?>
<!-- Generated by org.testng.reporters.JUnitXMLReporter -->
<testsuite hostname="XTV-BMURUGANK" ignored="0" name="Command line test" tests="6" failures="0" timestamp="2021-12-28T15:28:45 IST" time="0.065" errors="0">
  <testcase name="NativeAppAndroid" time="0.005" classname="testProject.Mavenjava.AppiumTest"/>
  <testcase name="NativeAppIOS" time="0.0" classname="testProject.Mavenjava.AppiumTest"/>
  <testcase name="DeleteTwitter" time="0.0" classname="testProject.Mavenjava.RestAPITest"/>
  <testcase name="PosrJira" time="0.0" classname="testProject.Mavenjava.RestAPITest"/>
  <testcase name="BrowserAutomation" time="0.0" classname="testProject.Mavenjava.SeleniumTest"/>
  <testcase name="ElemetsUi" time="0.0" classname="testProject.Mavenjava.SeleniumTest"/>
</testsuite> <!-- Command line test -->
