<?xml version="1.0" encoding="UTF-8"?>
<!-- Generated by org.testng.reporters.JUnitXMLReporter -->
<testsuite hostname="XTV-BMURUGANK" ignored="0" name="Test" tests="6" failures="0" timestamp="2021-12-28T15:29:27 IST" time="0.06" errors="0">
  <testcase name="NativeAppAndroid" time="0.007" classname="testProject.Mavenjava.AppiumTest"/>
  <testcase name="NativeAppIOS" time="0.0" classname="testProject.Mavenjava.AppiumTest"/>
  <testcase name="BrowserAutomation" time="0.001" classname="testProject.Mavenjava.SeleniumTest"/>
  <testcase name="ElemetsUi" time="0.0" classname="testProject.Mavenjava.SeleniumTest"/>
  <testcase name="DeleteTwitter" time="0.0" classname="testProject.Mavenjava.RestAPITest"/>
  <testcase name="PosrJira" time="0.001" classname="testProject.Mavenjava.RestAPITest"/>
</testsuite> <!-- Test -->
